source_Dir="$HOME/GIT-REPO/Python/lnPyLib"
dest_Dir="Source/lnLib"








    ### - Utils
    "Utils/LnUtils.py"
    Utils/dictUtils.py
    "Utils/devicesDB_New_20230902.py"         devicesDB.py


    ### - Telegram
    # telegram/sendTelegramMsg_Class_V2023b.py  TelegramSendMessage_Class.py
    telegram/sendTelegramMsg_V202309.py       TelegramSendMessage.py

    ### - Tasmota
    "tasmota/Tasmota_Human_Converter.py"
    "tasmota/Tasmota_Class.py"

    "MQTT/MqttTxRx_Class.py"                          ### - Mqtt

    ### - Logger
    "Logger/ColoredLogger_V103.py"          ColoredLogger.py ### rename it


    ### - Time
    Time/LnTime.py
    Time/LnTimer.py
    Time/LnSunTime.py


    # files
    files/FileLoader_main.py                FileLoader.py
    files/FileLoader_csv.py
    files/FileLoader_json.py
    files/FileLoader_ini.py
    files/FileLoader_yaml.py




dest_Dir="conf"
# source_Dir=""
# source_Dir="${HOME}/.ln/config/devicesDB/source_202402"


    ${HOME}/.ln/envars/yaml/ln_system_variables.yaml        ln_system_variables.lnk.yaml

    "${HOME}/.ln/config/devicesDB/source_202402/telegramBots.yaml"        "telegramBots.lnk.yaml"
    "${HOME}/.ln/config/devicesDB/source_202402/Mqtt_Brokers.yaml"        "Mqtt_Brokers.lnk.yaml"
    "${HOME}/.ln/config/devicesDB/source_202402/devicesDB_list.csv"        "devicesDB_list.lnk.csv"

    ### - extra_data
    "${HOME}/.ln/config/devicesDB/source_202402/Computers.yaml"            "Computers.lnk.yaml"
    "${HOME}/.ln/config/devicesDB/source_202402/Tasmota.yaml"               "Tasmota.lnk.yaml"
    "${HOME}/.ln/config/devicesDB/source_202402/telegramApplications.yaml"  "telegramApplications.lnk.yaml"
    "${HOME}/.ln/config/devicesDB/source_202402/telegramChannels.yaml"      "telegramChannels.lnk.yaml"


